<?xml version="1.0" encoding="UTF-8"?>
<testsuites>
  <testsuite name="parse_url" timestamp="2024-11-21T10:33:25Z" hostname="d6a00b28431e" tests="1" skipped="0" failures="0" errors="0" time="0.019">
    <testcase time="0.019" classname="parse_url" name="create_shinylive_url_works_as_expected"/>
  </testsuite>
  <testsuite name="tag_examplesShinylive" timestamp="2024-11-21T10:33:25Z" hostname="d6a00b28431e" tests="51" skipped="2" failures="0" errors="0" time="0.575">
    <testcase time="0.144" classname="tag_examplesShinylive" name="examplesShinylive_tag_errors_missing_examples">
      <skipped message="Reason: On CRAN ('test-tag_examplesShinylive.R:13:3')"/>
    </testcase>
    <testcase time="0.029" classname="tag_examplesShinylive" name="examplesShinylive_tag_single_occurrence"/>
    <testcase time="0.003" classname="tag_examplesShinylive" name="examplesShinylive_tag_single_occurrence"/>
    <testcase time="0.001" classname="tag_examplesShinylive" name="examplesShinylive_tag_single_occurrence"/>
    <testcase time="0.003" classname="tag_examplesShinylive" name="examplesShinylive_tag_single_occurrence"/>
    <testcase time="0.002" classname="tag_examplesShinylive" name="examplesShinylive_tag_single_occurrence"/>
    <testcase time="0.011" classname="tag_examplesShinylive" name="examplesShinylive_tag_multiple_occurrences"/>
    <testcase time="0.003" classname="tag_examplesShinylive" name="examplesShinylive_tag_multiple_occurrences"/>
    <testcase time="0.001" classname="tag_examplesShinylive" name="examplesShinylive_tag_multiple_occurrences"/>
    <testcase time="0.003" classname="tag_examplesShinylive" name="examplesShinylive_tag_multiple_occurrences"/>
    <testcase time="0.002" classname="tag_examplesShinylive" name="examplesShinylive_tag_multiple_occurrences"/>
    <testcase time="0.003" classname="tag_examplesShinylive" name="examplesShinylive_tag_multiple_occurrences"/>
    <testcase time="0.00299999999999989" classname="tag_examplesShinylive" name="examplesShinylive_tag_multiple_occurrences"/>
    <testcase time="0.013" classname="tag_examplesShinylive" name="examplesShinylive_tag_on_default_use_only_next_example_code"/>
    <testcase time="0.002" classname="tag_examplesShinylive" name="examplesShinylive_tag_on_default_use_only_next_example_code"/>
    <testcase time="0.002" classname="tag_examplesShinylive" name="examplesShinylive_tag_on_default_use_only_next_example_code"/>
    <testcase time="0.002" classname="tag_examplesShinylive" name="examplesShinylive_tag_on_default_use_only_next_example_code"/>
    <testcase time="0.003" classname="tag_examplesShinylive" name="examplesShinylive_tag_on_default_use_only_next_example_code"/>
    <testcase time="0.01" classname="tag_examplesShinylive" name="examplesShinylive_tag_keywords_next_example_"/>
    <testcase time="0.003" classname="tag_examplesShinylive" name="examplesShinylive_tag_keywords_next_example_"/>
    <testcase time="0.001" classname="tag_examplesShinylive" name="examplesShinylive_tag_keywords_next_example_"/>
    <testcase time="0.003" classname="tag_examplesShinylive" name="examplesShinylive_tag_keywords_next_example_"/>
    <testcase time="0.002" classname="tag_examplesShinylive" name="examplesShinylive_tag_keywords_next_example_"/>
    <testcase time="0.01" classname="tag_examplesShinylive" name="examplesShinylive_tag_keywords_prev_example_"/>
    <testcase time="0.003" classname="tag_examplesShinylive" name="examplesShinylive_tag_keywords_prev_example_"/>
    <testcase time="0.001" classname="tag_examplesShinylive" name="examplesShinylive_tag_keywords_prev_example_"/>
    <testcase time="0.003" classname="tag_examplesShinylive" name="examplesShinylive_tag_keywords_prev_example_"/>
    <testcase time="0.002" classname="tag_examplesShinylive" name="examplesShinylive_tag_keywords_prev_example_"/>
    <testcase time="0.013" classname="tag_examplesShinylive" name="examplesShinylive_tag_keywords_examples_"/>
    <testcase time="0.003" classname="tag_examplesShinylive" name="examplesShinylive_tag_keywords_examples_"/>
    <testcase time="0.001" classname="tag_examplesShinylive" name="examplesShinylive_tag_keywords_examples_"/>
    <testcase time="0.003" classname="tag_examplesShinylive" name="examplesShinylive_tag_keywords_examples_"/>
    <testcase time="0.002" classname="tag_examplesShinylive" name="examplesShinylive_tag_keywords_examples_"/>
    <testcase time="0.01" classname="tag_examplesShinylive" name="examplesShinylive_tag_keywords_tags_examples_"/>
    <testcase time="0.003" classname="tag_examplesShinylive" name="examplesShinylive_tag_keywords_tags_examples_"/>
    <testcase time="0.001" classname="tag_examplesShinylive" name="examplesShinylive_tag_keywords_tags_examples_"/>
    <testcase time="0.003" classname="tag_examplesShinylive" name="examplesShinylive_tag_keywords_tags_examples_"/>
    <testcase time="0.003" classname="tag_examplesShinylive" name="examplesShinylive_tag_keywords_tags_examples_"/>
    <testcase time="0.091" classname="tag_examplesShinylive" name="examplesShinylive_tag_keywords_error_when_parsing_with_glue">
      <skipped message="Reason: On CRAN ('test-tag_examplesShinylive.R:256:3')"/>
    </testcase>
    <testcase time="0.031" classname="tag_examplesShinylive" name="examplesShinylive_tag_decorate_using_next_example_keyword"/>
    <testcase time="0.003" classname="tag_examplesShinylive" name="examplesShinylive_tag_decorate_using_next_example_keyword"/>
    <testcase time="0.002" classname="tag_examplesShinylive" name="examplesShinylive_tag_decorate_using_next_example_keyword"/>
    <testcase time="0.005" classname="tag_examplesShinylive" name="examplesShinylive_tag_decorate_using_next_example_keyword"/>
    <testcase time="0.003" classname="tag_examplesShinylive" name="examplesShinylive_tag_decorate_using_next_example_keyword"/>
    <testcase time="0.076" classname="tag_examplesShinylive" name="format_returns_Rd_parsable_to_HTML"/>
    <testcase time="0.00100000000000011" classname="tag_examplesShinylive" name="format_returns_Rd_parsable_to_HTML"/>
    <testcase time="0.0289999999999999" classname="tag_examplesShinylive" name="format_returns_Rd_parsable_to_tidy_HTML"/>
    <testcase time="0.0109999999999999" classname="tag_examplesShinylive" name="examplesShinylive_tag_respect_order_of_tags_before_examples"/>
    <testcase time="0.00100000000000011" classname="tag_examplesShinylive" name="examplesShinylive_tag_respect_order_of_tags_before_examples"/>
    <testcase time="0.01" classname="tag_examplesShinylive" name="examplesShinylive_tag_respect_order_of_tags_after_examples"/>
    <testcase time="0.002" classname="tag_examplesShinylive" name="examplesShinylive_tag_respect_order_of_tags_after_examples"/>
  </testsuite>
</testsuites>
